<?xml version="1.0" encoding="UTF-8"?>
<!-- Generated by org.testng.reporters.JUnitXMLReporter -->
<testsuite ignored="0" hostname="DESKTOP-TQ48M04" failures="1" tests="1" name="Test" time="74.153" errors="0" timestamp="2024-12-01T15:38:59 CET">
  <testcase classname="com.todo.tests.AddTodoTest" name="iCanAddTodo" time="2.186">
    <failure type="org.openqa.selenium.NoSuchElementException" message="no such element: Unable to locate element: {&amp;quot;method&amp;quot;:&amp;quot;xpath&amp;quot;,&amp;quot;selector&amp;quot;:&amp;quot;//input[@ng-model= &amp;apos;newTodo&amp;apos;]&amp;quot;}
  (Session info: MicrosoftEdge=131.0.2903.70)
For documentation on this error, please visit: https://www.selenium.dev/documentation/webdriver/troubleshooting/errors#no-such-element-exception
Build info: version: &amp;apos;4.14.0&amp;apos;, revision: &amp;apos;e5a96349ce&amp;apos;
System info: os.name: &amp;apos;Windows 10&amp;apos;, os.arch: &amp;apos;amd64&amp;apos;, os.version: &amp;apos;10.0&amp;apos;, java.version: &amp;apos;17.0.8.1&amp;apos;
Driver info: org.openqa.selenium.edge.EdgeDriver
Command: [438a0988cd2c84a5af520a68a2d8e794, findElement {using=xpath, value=//input[@ng-model= &amp;apos;newTodo&amp;apos;]}]
Capabilities {acceptInsecureCerts: false, browserName: MicrosoftEdge, browserVersion: 131.0.2903.70, fedcm:accounts: true, ms:edgeOptions: {debuggerAddress: localhost:52284}, msedge: {msedgedriverVersion: 131.0.2903.70 (73cf19ceae66..., userDataDir: C:\PROGRA~1\KMSpico\temp\sc...}, networkConnectionEnabled: false, pageLoadStrategy: normal, platformName: windows, proxy: Proxy(), se:cdp: ws://localhost:52284/devtoo..., se:cdpVersion: 131.0.2903.70, setWindowRect: true, strictFileInteractability: false, timeouts: {implicit: 0, pageLoad: 300000, script: 30000}, unhandledPromptBehavior: dismiss and notify, webauthn:extension:credBlob: true, webauthn:extension:largeBlob: true, webauthn:extension:minPinLength: true, webauthn:extension:prf: true, webauthn:virtualAuthenticators: true}
Session ID: 438a0988cd2c84a5af520a68a2d8e794">
      <![CDATA[org.openqa.selenium.NoSuchElementException: no such element: Unable to locate element: {"method":"xpath","selector":"//input[@ng-model= 'newTodo']"}
  (Session info: MicrosoftEdge=131.0.2903.70)
For documentation on this error, please visit: https://www.selenium.dev/documentation/webdriver/troubleshooting/errors#no-such-element-exception
Build info: version: '4.14.0', revision: 'e5a96349ce'
System info: os.name: 'Windows 10', os.arch: 'amd64', os.version: '10.0', java.version: '17.0.8.1'
Driver info: org.openqa.selenium.edge.EdgeDriver
Command: [438a0988cd2c84a5af520a68a2d8e794, findElement {using=xpath, value=//input[@ng-model= 'newTodo']}]
Capabilities {acceptInsecureCerts: false, browserName: MicrosoftEdge, browserVersion: 131.0.2903.70, fedcm:accounts: true, ms:edgeOptions: {debuggerAddress: localhost:52284}, msedge: {msedgedriverVersion: 131.0.2903.70 (73cf19ceae66..., userDataDir: C:\PROGRA~1\KMSpico\temp\sc...}, networkConnectionEnabled: false, pageLoadStrategy: normal, platformName: windows, proxy: Proxy(), se:cdp: ws://localhost:52284/devtoo..., se:cdpVersion: 131.0.2903.70, setWindowRect: true, strictFileInteractability: false, timeouts: {implicit: 0, pageLoad: 300000, script: 30000}, unhandledPromptBehavior: dismiss and notify, webauthn:extension:credBlob: true, webauthn:extension:largeBlob: true, webauthn:extension:minPinLength: true, webauthn:extension:prf: true, webauthn:virtualAuthenticators: true}
Session ID: 438a0988cd2c84a5af520a68a2d8e794
at org.openqa.selenium.remote.codec.w3c.W3CHttpResponseCodec.createException(W3CHttpResponseCodec.java:200)
at org.openqa.selenium.remote.codec.w3c.W3CHttpResponseCodec.decode(W3CHttpResponseCodec.java:133)
at org.openqa.selenium.remote.codec.w3c.W3CHttpResponseCodec.decode(W3CHttpResponseCodec.java:52)
at org.openqa.selenium.remote.HttpCommandExecutor.execute(HttpCommandExecutor.java:191)
at org.openqa.selenium.remote.service.DriverCommandExecutor.invokeExecute(DriverCommandExecutor.java:196)
at org.openqa.selenium.remote.service.DriverCommandExecutor.execute(DriverCommandExecutor.java:171)
at org.openqa.selenium.remote.RemoteWebDriver.execute(RemoteWebDriver.java:602)
at org.openqa.selenium.remote.ElementLocation$ElementFinder$2.findElement(ElementLocation.java:165)
at org.openqa.selenium.remote.ElementLocation.findElement(ElementLocation.java:59)
at org.openqa.selenium.remote.RemoteWebDriver.findElement(RemoteWebDriver.java:359)
at org.openqa.selenium.remote.RemoteWebDriver.findElement(RemoteWebDriver.java:353)
at org.openqa.selenium.support.pagefactory.DefaultElementLocator.findElement(DefaultElementLocator.java:68)
at org.openqa.selenium.support.pagefactory.internal.LocatingElementHandler.invoke(LocatingElementHandler.java:38)
at jdk.proxy2/jdk.proxy2.$Proxy13.isDisplayed(Unknown Source)
at com.todo.pages.TodoPage.isElementDisplayed(TodoPage.java:40)
at com.todo.tests.AddTodoTest.iCanAddTodo(AddTodoTest.java:20)
at java.base/java.util.ArrayList.forEach(ArrayList.java:1511)
... Removed 32 stack frames]]>
    </failure>
  </testcase> <!-- iCanAddTodo -->
</testsuite> <!-- Test -->
